<?xml version="1.0" encoding="UTF-8"?>
<!-- Generated by org.testng.reporters.JUnitReportReporter -->
<testsuite skipped="0" hostname="DESKTOP-DV9KSPC" name="org.sample.Datapro" tests="7" failures="0" timestamp="23 Apr 2021 04:34:27 GMT" time="5.978" errors="0">
  <testcase name="adatin" time="0.712" classname="org.sample.Datapro"/>
  <testcase name="adatin" time="0.620" classname="org.sample.Datapro"/>
  <testcase name="adatin" time="0.857" classname="org.sample.Datapro"/>
  <testcase name="adatin" time="0.834" classname="org.sample.Datapro"/>
  <testcase name="adatin" time="0.808" classname="org.sample.Datapro"/>
  <testcase name="adatin" time="1.330" classname="org.sample.Datapro"/>
  <testcase name="adatin" time="0.817" classname="org.sample.Datapro"/>
</testsuite> <!-- org.sample.Datapro -->
