<?xml version="1.0" encoding="UTF-8"?>
<!-- Generated by org.testng.reporters.JUnitReportReporter -->
<testsuite skipped="0" hostname="DESKTOP-DV9KSPC" name="org.sample.Demo" tests="1" failures="0" timestamp="23 Apr 2021 04:34:27 GMT" time="6.761" errors="0">
  <testcase name="demo" time="6.761" classname="org.sample.Demo"/>
</testsuite> <!-- org.sample.Demo -->
